<component name="libraryTable">
  <library name="junit-jupiter-api-5.10.1">
    <CLASSES>
      <root url="jar://$USER_HOME$/Downloads/junit-jupiter-api-5.10.1.jar!/" />
      <root url="jar://$USER_HOME$/Downloads/junit-jupiter-engine-5.10.1.jar!/" />
      <root url="jar://$USER_HOME$/Downloads/junit-jupiter-params-5.10.1.jar!/" />
      <root url="jar://$USER_HOME$/Downloads/junit-platform-commons-1.10.1.jar!/" />
      <root url="jar://$USER_HOME$/Downloads/opentest4j-1.3.0.jar!/" />
      <root url="jar://$USER_HOME$/Downloads/apiguardian-api-1.1.2.jar!/" />
    </CLASSES>
    <JAVADOC />
    <SOURCES />
  </library>
</component>